
                            < M A T L A B (R) >
                  Copyright 1984-2020 The MathWorks, Inc.
                  R2020a (9.8.0.1323502) 64-bit (glnxa64)
                             February 25, 2020

[Warning: Name is nonexistent or not a directory: /tmp/Editor_vxdxq] 
 
To get started, type doc.
For product information, visit www.mathworks.com.
 
Starting parallel pool (parpool) using the 'local' profile ...
Connected to the parallel pool (number of workers: 40).

ans = 

 ProcessPool with properties: 

            Connected: true
           NumWorkers: 40
              Cluster: local
        AttachedFiles: {}
    AutoAddClientPath: true
          IdleTimeout: 30 minutes (30 minutes remaining)
          SpmdEnabled: true

4 space elements, 4 time elements with space basis Q3 order, time basis 2 order 
the discete Energy (for No.1/4 step) is 0.1435196365854101 
the discete Energy (for No.2/4 step) is 1.5029941064006387 
the discete Energy (for No.3/4 step) is 6.8384285616583469 
the discete Energy (for No.4/4 step) is 20.7507642238810668 
the L2_L2 norm error is 0.0124242571222047 
the L2_gr norm error is 0.2504400511443952 
the L2_H1 norm error is 0.2507480436259591 
the L_inf_L2 norm error is 0.0277984676568699 
the L_inf_gr norm error is 0.5599879621257561 
the L_inf_H1 norm error is 0.5606775120600318 
the H1_L2 norm error is 0.0321501836024241 
the H1_gr norm error is 0.0020448585682712 
the H1_H1 norm error is 0.0322151478691906 
the W_1_inf_L2 norm error is 0.0556082870543798 
the W_1_inf_gr norm error is 1.1199733972687838 
the W_1_inf_H1 norm error is 1.1213530631245912 
the Final_t_L2_L2 norm error is 0.0277984676568699 
the Final_t_L2_gr norm error is 0.5599879621257561 
the Final_t_L2_H1 norm error is 0.5606775120600318 
the Final_t_H1_L2 norm error is 0.0556082870543798 
the Final_t_H1_gr norm error is 1.1199733972687838 
the Final_t_H1_H1 norm error is 1.1213530631245912 
the jump u semi norm error is 0.0000000000000002 
the jump gradu semi norm error is 0.0000000000000016 
the jump dotu semi norm error is 0.0006178448685235 
Energynorm_err is 0.5636639041125437 
16 space elements, 4 time elements with space basis Q3 order, time basis 2 order 
the discete Energy (for No.1/4 step) is 0.1448084473568124 
the discete Energy (for No.2/4 step) is 1.5251998844826100 
the discete Energy (for No.3/4 step) is 6.9478413001675490 
the discete Energy (for No.4/4 step) is 21.0698971741253480 
the L2_L2 norm error is 0.0006067115093806 
the L2_gr norm error is 0.0238657095220694 
the L2_H1 norm error is 0.0238734201539580 
the L_inf_L2 norm error is 0.0013577469231076 
the L_inf_gr norm error is 0.0533650899865762 
the L_inf_H1 norm error is 0.0533823595018297 
the H1_L2 norm error is 0.0015697004840668 
the H1_gr norm error is 0.0001948644332179 
the H1_H1 norm error is 0.0015817495873282 
the W_1_inf_L2 norm error is 0.0027186552389735 
the W_1_inf_gr norm error is 0.1067299671065169 
the W_1_inf_H1 norm error is 0.1067645866608708 
the Final_t_L2_L2 norm error is 0.0013577469231076 
the Final_t_L2_gr norm error is 0.0533650899865762 
the Final_t_L2_H1 norm error is 0.0533823595018297 
the Final_t_H1_L2 norm error is 0.0027186552389735 
the Final_t_H1_gr norm error is 0.1067299671065169 
the Final_t_H1_H1 norm error is 0.1067645866608708 
the jump u semi norm error is 0.0000000000000001 
the jump gradu semi norm error is 0.0000000000000012 
the jump dotu semi norm error is 0.0000345438654216 
Energynorm_err is 0.0534577126392388 
64 space elements, 4 time elements with space basis Q3 order, time basis 2 order 
the discete Energy (for No.1/4 step) is 0.1448185725051602 
the discete Energy (for No.2/4 step) is 1.5253969222247425 
the discete Energy (for No.3/4 step) is 6.9488289938889460 
the discete Energy (for No.4/4 step) is 21.0727588451271366 
the L2_L2 norm error is 0.0000393819303936 
the L2_gr norm error is 0.0030199745127444 
the L2_H1 norm error is 0.0030202312815523 
the L_inf_L2 norm error is 0.0000880928304900 
the L_inf_gr norm error is 0.0067528650402002 
the L_inf_H1 norm error is 0.0067534396123710 
the H1_L2 norm error is 0.0001017653198543 
the H1_gr norm error is 0.0000246580539102 
the H1_H1 norm error is 0.0001047100756741 
the W_1_inf_L2 norm error is 0.0001764408456678 
the W_1_inf_gr norm error is 0.0135057367027783 
the W_1_inf_H1 norm error is 0.0135068891776305 
the Final_t_L2_L2 norm error is 0.0000880928304900 
the Final_t_L2_gr norm error is 0.0067528650402002 
the Final_t_L2_H1 norm error is 0.0067534396123710 
the Final_t_H1_L2 norm error is 0.0001764408456678 
the Final_t_H1_gr norm error is 0.0135057367027783 
the Final_t_H1_H1 norm error is 0.0135068891776305 
the jump u semi norm error is 0.0000000000000002 
the jump gradu semi norm error is 0.0000000000000022 
the jump dotu semi norm error is 0.0000018123483386 
Energynorm_err is 0.0067559814318671 
256 space elements, 4 time elements with space basis Q3 order, time basis 2 order 
the discete Energy (for No.1/4 step) is 0.1448187276046707 
the discete Energy (for No.2/4 step) is 1.5254000653463229 
the discete Energy (for No.3/4 step) is 6.9488448154542377 
the discete Energy (for No.4/4 step) is 21.0728045947452607 
the L2_L2 norm error is 0.0000024877288045 
the L2_gr norm error is 0.0003786195899580 
the L2_H1 norm error is 0.0003786277627098 
the L_inf_L2 norm error is 0.0000055634883151 
the L_inf_gr norm error is 0.0008466191079731 
the L_inf_H1 norm error is 0.0008466373877803 
the H1_L2 norm error is 0.0000064250257481 
the H1_gr norm error is 0.0000030914171156 
the H1_H1 norm error is 0.0000071300642105 
the W_1_inf_L2 norm error is 0.0000111360457050 
the W_1_inf_gr norm error is 0.0016932386587320 
the W_1_inf_H1 norm error is 0.0016932752779564 
the Final_t_L2_L2 norm error is 0.0000055634883151 
the Final_t_L2_gr norm error is 0.0008466191079731 
the Final_t_L2_H1 norm error is 0.0008466373877803 
the Final_t_H1_L2 norm error is 0.0000111360457050 
the Final_t_H1_gr norm error is 0.0016932386587320 
the Final_t_H1_H1 norm error is 0.0016932752779564 
the jump u semi norm error is 0.0000000000000007 
the jump gradu semi norm error is 0.0000000000000071 
the jump dotu semi norm error is 0.0000000428525405 
Energynorm_err is 0.0008467223660392 
1024 space elements, 4 time elements with space basis Q3 order, time basis 2 order 
the discete Energy (for No.1/4 step) is 0.1448187300138275 
the discete Energy (for No.2/4 step) is 1.5254001146998131 
the discete Energy (for No.3/4 step) is 6.9488450641601460 
the discete Energy (for No.4/4 step) is 21.0728053135373479 
the L2_L2 norm error is 0.0000001559085264 
the L2_gr norm error is 0.0000473623132195 
the L2_H1 norm error is 0.0000473625698307 
the L_inf_L2 norm error is 0.0000003486354198 
the L_inf_gr norm error is 0.0001059053516560 
the L_inf_H1 norm error is 0.0001059059255002 
the H1_L2 norm error is 0.0000004025839218 
the H1_gr norm error is 0.0000003867116789 
the H1_H1 norm error is 0.0000005582291076 
the W_1_inf_L2 norm error is 0.0000006974423781 
the W_1_inf_gr norm error is 0.0002118107087719 
the W_1_inf_H1 norm error is 0.0002118118570249 
the Final_t_L2_L2 norm error is 0.0000003486354198 
the Final_t_L2_gr norm error is 0.0001059053516560 
the Final_t_L2_H1 norm error is 0.0001059059255002 
the Final_t_H1_L2 norm error is 0.0000006974423781 
the Final_t_H1_gr norm error is 0.0002118107087719 
the Final_t_H1_H1 norm error is 0.0002118118570249 
the jump u semi norm error is 0.0000000000000027 
the jump gradu semi norm error is 0.0000000000000245 
the jump dotu semi norm error is 0.0000000007354353 
Energynorm_err is 0.0001059091193219 
4096 space elements, 4 time elements with space basis Q3 order, time basis 2 order 
the discete Energy (for No.1/4 step) is 0.1448187300514114 
the discete Energy (for No.2/4 step) is 1.5254001154718655 
the discete Energy (for No.3/4 step) is 6.9488450680518730 
the discete Energy (for No.4/4 step) is 21.0728053247837082 
the L2_L2 norm error is 0.0000000097509829 
the L2_gr norm error is 0.0000059213768964 
the L2_H1 norm error is 0.0000059213849251 
the L_inf_L2 norm error is 0.0000000218040758 
the L_inf_gr norm error is 0.0000132406012586 
the L_inf_H1 norm error is 0.0000132406192116 
the H1_L2 norm error is 0.0000000251774071 
the H1_gr norm error is 0.0000000483478400 
the H1_H1 norm error is 0.0000000545106913 
the W_1_inf_L2 norm error is 0.0000000436109579 
the W_1_inf_gr norm error is 0.0000264812025647 
the W_1_inf_H1 norm error is 0.0000264812384754 
the Final_t_L2_L2 norm error is 0.0000000218040758 
the Final_t_L2_gr norm error is 0.0000132406012586 
the Final_t_L2_H1 norm error is 0.0000132406192116 
the Final_t_H1_L2 norm error is 0.0000000436109579 
the Final_t_H1_gr norm error is 0.0000264812025647 
the Final_t_H1_H1 norm error is 0.0000264812384754 
the jump u semi norm error is 0.0000000000000127 
the jump gradu semi norm error is 0.0000000000001145 
the jump dotu semi norm error is 0.0000000000117448 
Energynorm_err is 0.0000132407852872 

                            < M A T L A B (R) >
                  Copyright 1984-2020 The MathWorks, Inc.
                  R2020a (9.8.0.1323502) 64-bit (glnxa64)
                             February 25, 2020

[Warning: Name is nonexistent or not a directory: /tmp/Editor_vxdxq] 
 
To get started, type doc.
For product information, visit www.mathworks.com.
 
Starting parallel pool (parpool) using the 'local' profile ...
Connected to the parallel pool (number of workers: 40).

ans = 

 ProcessPool with properties: 

            Connected: true
           NumWorkers: 40
              Cluster: local
        AttachedFiles: {}
    AutoAddClientPath: true
          IdleTimeout: 30 minutes (30 minutes remaining)
          SpmdEnabled: true

4 space elements, 4 time elements with space basis Q3 order, time basis 2 order 
the discete Energy (for No.1/4 step) is 0.1439152681569313 
the discete Energy (for No.2/4 step) is 1.5062110339240060 
the discete Energy (for No.3/4 step) is 6.8493278726316689 
the discete Energy (for No.4/4 step) is 20.7762411784598093 
the L2_L2 norm error is 0.0124242270422851 
the L2_gr norm error is 0.2504400241500188 
the L2_H1 norm error is 0.2507480151743184 
the L_inf_L2 norm error is 0.0277989048778802 
the L_inf_gr norm error is 0.5599878612883522 
the L_inf_H1 norm error is 0.5606774330242945 
the H1_L2 norm error is 0.0321507021677964 
the H1_gr norm error is 0.0204485588584241 
the H1_H1 norm error is 0.0381026404500893 
the W_1_inf_L2 norm error is 0.0556111048470886 
the W_1_inf_gr norm error is 1.1199728004476295 
the W_1_inf_H1 norm error is 1.1213526067766639 
the Final_t_L2_L2 norm error is 0.0277989048778802 
the Final_t_L2_gr norm error is 0.5599878612883522 
the Final_t_L2_H1 norm error is 0.5606774330242945 
the Final_t_H1_L2 norm error is 0.0556111048470886 
the Final_t_H1_gr norm error is 1.1199728004476295 
the Final_t_H1_H1 norm error is 1.1213526067766639 
the jump u semi norm error is 0.0000000000000002 
the jump gradu semi norm error is 0.0000000000000013 
the jump dotu semi norm error is 0.0006003637119998 
Energynorm_err is 0.5640311794736814 
16 space elements, 4 time elements with space basis Q3 order, time basis 2 order 
the discete Energy (for No.1/4 step) is 0.1452154575379216 
the discete Energy (for No.2/4 step) is 1.5284565002226678 
the discete Energy (for No.3/4 step) is 6.9588328744674239 
the discete Energy (for No.4/4 step) is 21.0959474675278074 
the L2_L2 norm error is 0.0006067125023975 
the L2_gr norm error is 0.0238657089464104 
the L2_H1 norm error is 0.0238734196037211 
the L_inf_L2 norm error is 0.0013577496381454 
the L_inf_gr norm error is 0.0533650896699104 
the L_inf_H1 norm error is 0.0533823592543217 
the H1_L2 norm error is 0.0015696981227425 
the H1_gr norm error is 0.0019486426295404 
the H1_H1 norm error is 0.0025022310633120 
the W_1_inf_L2 norm error is 0.0027185596351255 
the W_1_inf_gr norm error is 0.1067299670458960 
the W_1_inf_H1 norm error is 0.1067645841658542 
the Final_t_L2_L2 norm error is 0.0013577496381454 
the Final_t_L2_gr norm error is 0.0533650896699104 
the Final_t_L2_H1 norm error is 0.0533823592543217 
the Final_t_H1_L2 norm error is 0.0027185596351255 
the Final_t_H1_gr norm error is 0.1067299670458960 
the Final_t_H1_H1 norm error is 0.1067645841658542 
the jump u semi norm error is 0.0000000000000001 
the jump gradu semi norm error is 0.0000000000000013 
the jump dotu semi norm error is 0.0000324649662095 
Energynorm_err is 0.0534928553756064 
64 space elements, 4 time elements with space basis Q3 order, time basis 2 order 
the discete Energy (for No.1/4 step) is 0.1452256918660290 
the discete Energy (for No.2/4 step) is 1.5286538860922720 
the discete Energy (for No.3/4 step) is 6.9598212551915886 
the discete Energy (for No.4/4 step) is 21.0988145121717672 
the L2_L2 norm error is 0.0000393819509509 
the L2_gr norm error is 0.0030199745008379 
the L2_H1 norm error is 0.0030202312699149 
the L_inf_L2 norm error is 0.0000880914634272 
the L_inf_gr norm error is 0.0067528651005513 
the L_inf_H1 norm error is 0.0067534396548849 
the H1_L2 norm error is 0.0001017627940267 
the H1_gr norm error is 0.0002465804479831 
the H1_H1 norm error is 0.0002667537883061 
the W_1_inf_L2 norm error is 0.0001764060332292 
the W_1_inf_gr norm error is 0.0135057335170863 
the W_1_inf_H1 norm error is 0.0135068855374993 
the Final_t_L2_L2 norm error is 0.0000880914634272 
the Final_t_L2_gr norm error is 0.0067528651005513 
the Final_t_L2_H1 norm error is 0.0067534396548849 
the Final_t_H1_L2 norm error is 0.0001764060332292 
the Final_t_H1_gr norm error is 0.0135057335170863 
the Final_t_H1_H1 norm error is 0.0135068855374993 
the jump u semi norm error is 0.0000000000000002 
the jump gradu semi norm error is 0.0000000000000022 
the jump dotu semi norm error is 0.0000016789044071 
Energynorm_err is 0.0067604339030197 
256 space elements, 4 time elements with space basis Q3 order, time basis 2 order 
the discete Energy (for No.1/4 step) is 0.1452258487574373 
the discete Energy (for No.2/4 step) is 1.5286570347111232 
the discete Energy (for No.3/4 step) is 6.9598370871915689 
the discete Energy (for No.4/4 step) is 21.0988603489670616 
the L2_L2 norm error is 0.0000024877285627 
the L2_gr norm error is 0.0003786195897729 
the L2_H1 norm error is 0.0003786277625231 
the L_inf_L2 norm error is 0.0000055634278927 
the L_inf_gr norm error is 0.0008466191090224 
the L_inf_H1 norm error is 0.0008466373884325 
the H1_L2 norm error is 0.0000064249192057 
the H1_gr norm error is 0.0000309141692415 
the H1_H1 norm error is 0.0000315747596458 
the W_1_inf_L2 norm error is 0.0000111346584684 
the W_1_inf_gr norm error is 0.0016932385142270 
the W_1_inf_H1 norm error is 0.0016932751243318 
the Final_t_L2_L2 norm error is 0.0000055634278927 
the Final_t_L2_gr norm error is 0.0008466191090224 
the Final_t_L2_H1 norm error is 0.0008466373884325 
the Final_t_H1_L2 norm error is 0.0000111346584684 
the Final_t_H1_gr norm error is 0.0016932385142270 
the Final_t_H1_H1 norm error is 0.0016932751243318 
the jump u semi norm error is 0.0000000000000007 
the jump gradu semi norm error is 0.0000000000000070 
the jump dotu semi norm error is 0.0000000391400023 
Energynorm_err is 0.0008472808645070 
1024 space elements, 4 time elements with space basis Q3 order, time basis 2 order 
the discete Energy (for No.1/4 step) is 0.1452258511949213 
the discete Energy (for No.2/4 step) is 1.5286570841507996 
the discete Energy (for No.3/4 step) is 6.9598373360593353 
the discete Energy (for No.4/4 step) is 21.0988610691343688 
the L2_L2 norm error is 0.0000001559085174 
the L2_gr norm error is 0.0000473623132177 
the L2_H1 norm error is 0.0000473625698289 
the L_inf_L2 norm error is 0.0000003486342433 
the L_inf_gr norm error is 0.0001059053516650 
the L_inf_H1 norm error is 0.0001059059255052 
the H1_L2 norm error is 0.0000004025818648 
the H1_gr norm error is 0.0000038671167691 
the H1_H1 norm error is 0.0000038880154660 
the W_1_inf_L2 norm error is 0.0000006974159590 
the W_1_inf_gr norm error is 0.0002118107070623 
the W_1_inf_H1 norm error is 0.0002118118552283 
the Final_t_L2_L2 norm error is 0.0000003486342433 
the Final_t_L2_gr norm error is 0.0001059053516650 
the Final_t_L2_H1 norm error is 0.0001059059255052 
the Final_t_H1_L2 norm error is 0.0000006974159590 
the Final_t_H1_gr norm error is 0.0002118107070623 
the Final_t_H1_H1 norm error is 0.0002118118552283 
the jump u semi norm error is 0.0000000000000026 
the jump gradu semi norm error is 0.0000000000000244 
the jump dotu semi norm error is 0.0000000006698509 
Energynorm_err is 0.0001059789911492 
4096 space elements, 4 time elements with space basis Q3 order, time basis 2 order 
the discete Energy (for No.1/4 step) is 0.1452258512329490 
the discete Energy (for No.2/4 step) is 1.5286570849241989 
the discete Energy (for No.3/4 step) is 6.9598373399534950 
the discete Energy (for No.4/4 step) is 21.0988610804020595 
the L2_L2 norm error is 0.0000000097509827 
the L2_gr norm error is 0.0000059213768964 
the L2_H1 norm error is 0.0000059213849251 
the L_inf_L2 norm error is 0.0000000218040564 
the L_inf_gr norm error is 0.0000132406012587 
the L_inf_H1 norm error is 0.0000132406192117 
the H1_L2 norm error is 0.0000000251773734 
the H1_gr norm error is 0.0000004834783998 
the H1_H1 norm error is 0.0000004841335179 
the W_1_inf_L2 norm error is 0.0000000436105254 
the W_1_inf_gr norm error is 0.0000264812025500 
the W_1_inf_H1 norm error is 0.0000264812384599 
the Final_t_L2_L2 norm error is 0.0000000218040564 
the Final_t_L2_gr norm error is 0.0000132406012587 
the Final_t_L2_H1 norm error is 0.0000132406192117 
the Final_t_H1_L2 norm error is 0.0000000436105254 
the Final_t_H1_gr norm error is 0.0000264812025500 
the Final_t_H1_H1 norm error is 0.0000264812384599 
the jump u semi norm error is 0.0000000000000127 
the jump gradu semi norm error is 0.0000000000001147 
the jump dotu semi norm error is 0.0000000000106913 
Energynorm_err is 0.0000132495210794 
